[INFO] [2018-04-07 13:51:43][org.springframework.context.support.ClassPathXmlApplicationContext]Refreshing org.springframework.context.support.ClassPathXmlApplicationContext@5474c6c: startup date [Sat Apr 07 13:51:43 CST 2018]; root of context hierarchy
[INFO] [2018-04-07 13:51:43][org.springframework.beans.factory.xml.XmlBeanDefinitionReader]Loading XML bean definitions from class path resource [spring/applicationContext.xml]
[INFO] [2018-04-07 13:54:10][org.springframework.context.support.ClassPathXmlApplicationContext]Refreshing org.springframework.context.support.ClassPathXmlApplicationContext@5474c6c: startup date [Sat Apr 07 13:54:10 CST 2018]; root of context hierarchy
[INFO] [2018-04-07 13:54:10][org.springframework.beans.factory.xml.XmlBeanDefinitionReader]Loading XML bean definitions from class path resource [spring-mybatis.xml]
[INFO] [2018-04-07 13:54:24][org.springframework.context.support.ClassPathXmlApplicationContext]Refreshing org.springframework.context.support.ClassPathXmlApplicationContext@5474c6c: startup date [Sat Apr 07 13:54:24 CST 2018]; root of context hierarchy
[INFO] [2018-04-07 13:54:24][org.springframework.beans.factory.xml.XmlBeanDefinitionReader]Loading XML bean definitions from class path resource [spring-mybatis.xml]
[INFO] [2018-04-07 14:12:12][org.springframework.context.support.ClassPathXmlApplicationContext]Refreshing org.springframework.context.support.ClassPathXmlApplicationContext@5474c6c: startup date [Sat Apr 07 14:12:12 CST 2018]; root of context hierarchy
[INFO] [2018-04-07 14:12:12][org.springframework.beans.factory.xml.XmlBeanDefinitionReader]Loading XML bean definitions from class path resource [spring-mybatis.xml]
[INFO] [2018-04-07 14:15:02][org.springframework.context.support.ClassPathXmlApplicationContext]Refreshing org.springframework.context.support.ClassPathXmlApplicationContext@5474c6c: startup date [Sat Apr 07 14:15:02 CST 2018]; root of context hierarchy
[INFO] [2018-04-07 14:15:02][org.springframework.beans.factory.xml.XmlBeanDefinitionReader]Loading XML bean definitions from class path resource [spring-mybatis.xml]
[INFO] [2018-04-07 14:16:04][org.springframework.context.support.ClassPathXmlApplicationContext]Refreshing org.springframework.context.support.ClassPathXmlApplicationContext@5474c6c: startup date [Sat Apr 07 14:16:04 CST 2018]; root of context hierarchy
[INFO] [2018-04-07 14:16:04][org.springframework.beans.factory.xml.XmlBeanDefinitionReader]Loading XML bean definitions from class path resource [spring-mybatis.xml]
[INFO] [2018-04-07 14:18:06][org.springframework.context.support.ClassPathXmlApplicationContext]Refreshing org.springframework.context.support.ClassPathXmlApplicationContext@5474c6c: startup date [Sat Apr 07 14:18:06 CST 2018]; root of context hierarchy
[INFO] [2018-04-07 14:18:06][org.springframework.beans.factory.xml.XmlBeanDefinitionReader]Loading XML bean definitions from class path resource [spring-mybatis.xml]
[INFO] [2018-04-07 14:18:30][org.springframework.context.support.ClassPathXmlApplicationContext]Refreshing org.springframework.context.support.ClassPathXmlApplicationContext@5474c6c: startup date [Sat Apr 07 14:18:30 CST 2018]; root of context hierarchy
[INFO] [2018-04-07 14:18:30][org.springframework.beans.factory.xml.XmlBeanDefinitionReader]Loading XML bean definitions from class path resource [spring-mybatis.xml]
[INFO] [2018-04-07 14:21:22][org.springframework.context.support.ClassPathXmlApplicationContext]Refreshing org.springframework.context.support.ClassPathXmlApplicationContext@5474c6c: startup date [Sat Apr 07 14:21:22 CST 2018]; root of context hierarchy
[INFO] [2018-04-07 14:21:22][org.springframework.beans.factory.xml.XmlBeanDefinitionReader]Loading XML bean definitions from class path resource [spring-mybatis.xml]
[INFO] [2018-04-07 14:22:13][org.springframework.context.support.ClassPathXmlApplicationContext]Refreshing org.springframework.context.support.ClassPathXmlApplicationContext@5474c6c: startup date [Sat Apr 07 14:22:13 CST 2018]; root of context hierarchy
[INFO] [2018-04-07 14:22:13][org.springframework.beans.factory.xml.XmlBeanDefinitionReader]Loading XML bean definitions from class path resource [spring-mybatis.xml]
[INFO] [2018-04-07 14:26:49][org.springframework.context.support.ClassPathXmlApplicationContext]Refreshing org.springframework.context.support.ClassPathXmlApplicationContext@5474c6c: startup date [Sat Apr 07 14:26:49 CST 2018]; root of context hierarchy
[INFO] [2018-04-07 14:26:49][org.springframework.beans.factory.xml.XmlBeanDefinitionReader]Loading XML bean definitions from class path resource [spring-mybatis.xml]
[INFO] [2018-04-07 14:27:43][org.springframework.context.support.ClassPathXmlApplicationContext]Refreshing org.springframework.context.support.ClassPathXmlApplicationContext@5474c6c: startup date [Sat Apr 07 14:27:43 CST 2018]; root of context hierarchy
[INFO] [2018-04-07 14:27:43][org.springframework.beans.factory.xml.XmlBeanDefinitionReader]Loading XML bean definitions from class path resource [spring-mybatis.xml]
[INFO] [2018-04-07 14:32:13][org.springframework.context.support.ClassPathXmlApplicationContext]Refreshing org.springframework.context.support.ClassPathXmlApplicationContext@5474c6c: startup date [Sat Apr 07 14:32:13 CST 2018]; root of context hierarchy
[INFO] [2018-04-07 14:32:13][org.springframework.beans.factory.xml.XmlBeanDefinitionReader]Loading XML bean definitions from class path resource [spring-mybatis.xml]
[INFO] [2018-04-07 15:17:29][org.springframework.context.support.ClassPathXmlApplicationContext]Refreshing org.springframework.context.support.ClassPathXmlApplicationContext@5474c6c: startup date [Sat Apr 07 15:17:29 CST 2018]; root of context hierarchy
[INFO] [2018-04-07 15:17:29][org.springframework.beans.factory.xml.XmlBeanDefinitionReader]Loading XML bean definitions from class path resource [spring-mybatis.xml]
[INFO] [2018-04-07 15:19:55][org.springframework.context.support.ClassPathXmlApplicationContext]Refreshing org.springframework.context.support.ClassPathXmlApplicationContext@5474c6c: startup date [Sat Apr 07 15:19:55 CST 2018]; root of context hierarchy
[INFO] [2018-04-07 15:19:56][org.springframework.beans.factory.xml.XmlBeanDefinitionReader]Loading XML bean definitions from class path resource [spring-mybatis.xml]
[INFO] [2018-04-07 23:11:24][org.springframework.context.support.ClassPathXmlApplicationContext]Refreshing org.springframework.context.support.ClassPathXmlApplicationContext@5474c6c: startup date [Sat Apr 07 23:11:24 CST 2018]; root of context hierarchy
[INFO] [2018-04-07 23:11:24][org.springframework.beans.factory.xml.XmlBeanDefinitionReader]Loading XML bean definitions from class path resource [spring-mybatis.xml]
[INFO] [2018-04-07 23:11:26][org.springframework.beans.factory.xml.XmlBeanDefinitionReader]Loading XML bean definitions from class path resource [org/springframework/jdbc/support/sql-error-codes.xml]
[INFO] [2018-04-07 23:11:26][org.springframework.jdbc.support.SQLErrorCodesFactory]SQLErrorCodes loaded: [DB2, Derby, H2, HSQL, Informix, MS-SQL, MySQL, Oracle, PostgreSQL, Sybase, Hana]
[INFO] [2018-04-07 23:14:14][org.springframework.context.support.ClassPathXmlApplicationContext]Refreshing org.springframework.context.support.ClassPathXmlApplicationContext@5474c6c: startup date [Sat Apr 07 23:14:14 CST 2018]; root of context hierarchy
[INFO] [2018-04-07 23:14:14][org.springframework.beans.factory.xml.XmlBeanDefinitionReader]Loading XML bean definitions from class path resource [spring-mybatis.xml]
[INFO] [2018-04-07 23:14:39][org.springframework.context.support.ClassPathXmlApplicationContext]Refreshing org.springframework.context.support.ClassPathXmlApplicationContext@5474c6c: startup date [Sat Apr 07 23:14:39 CST 2018]; root of context hierarchy
[INFO] [2018-04-07 23:14:39][org.springframework.beans.factory.xml.XmlBeanDefinitionReader]Loading XML bean definitions from class path resource [spring-mybatis.xml]
[INFO] [2018-04-07 23:17:34][org.springframework.context.support.ClassPathXmlApplicationContext]Refreshing org.springframework.context.support.ClassPathXmlApplicationContext@5474c6c: startup date [Sat Apr 07 23:17:34 CST 2018]; root of context hierarchy
[INFO] [2018-04-07 23:17:34][org.springframework.beans.factory.xml.XmlBeanDefinitionReader]Loading XML bean definitions from class path resource [spring-mybatis.xml]
[INFO] [2018-04-07 23:19:18][org.springframework.context.support.ClassPathXmlApplicationContext]Refreshing org.springframework.context.support.ClassPathXmlApplicationContext@3aa9e816: startup date [Sat Apr 07 23:19:18 CST 2018]; root of context hierarchy
[INFO] [2018-04-07 23:19:18][org.springframework.beans.factory.xml.XmlBeanDefinitionReader]Loading XML bean definitions from class path resource [spring-mybatis.xml]
[INFO] [2018-04-07 23:21:40][org.springframework.context.support.ClassPathXmlApplicationContext]Refreshing org.springframework.context.support.ClassPathXmlApplicationContext@5474c6c: startup date [Sat Apr 07 23:21:40 CST 2018]; root of context hierarchy
[INFO] [2018-04-07 23:21:40][org.springframework.beans.factory.xml.XmlBeanDefinitionReader]Loading XML bean definitions from class path resource [spring-mybatis.xml]
[INFO] [2018-04-07 23:23:22][org.springframework.context.support.ClassPathXmlApplicationContext]Refreshing org.springframework.context.support.ClassPathXmlApplicationContext@5474c6c: startup date [Sat Apr 07 23:23:22 CST 2018]; root of context hierarchy
[INFO] [2018-04-07 23:23:22][org.springframework.beans.factory.xml.XmlBeanDefinitionReader]Loading XML bean definitions from class path resource [spring-mybatis.xml]
[INFO] [2018-04-07 23:23:58][org.springframework.context.support.ClassPathXmlApplicationContext]Refreshing org.springframework.context.support.ClassPathXmlApplicationContext@5474c6c: startup date [Sat Apr 07 23:23:58 CST 2018]; root of context hierarchy
[INFO] [2018-04-07 23:23:58][org.springframework.beans.factory.xml.XmlBeanDefinitionReader]Loading XML bean definitions from class path resource [spring-mybatis.xml]
[INFO] [2018-04-07 23:31:22][org.springframework.context.support.ClassPathXmlApplicationContext]Refreshing org.springframework.context.support.ClassPathXmlApplicationContext@5474c6c: startup date [Sat Apr 07 23:31:22 CST 2018]; root of context hierarchy
[INFO] [2018-04-07 23:31:22][org.springframework.beans.factory.xml.XmlBeanDefinitionReader]Loading XML bean definitions from class path resource [spring-mybatis.xml]
[INFO] [2018-04-07 23:32:41][org.springframework.context.support.ClassPathXmlApplicationContext]Refreshing org.springframework.context.support.ClassPathXmlApplicationContext@5474c6c: startup date [Sat Apr 07 23:32:41 CST 2018]; root of context hierarchy
[INFO] [2018-04-07 23:32:41][org.springframework.beans.factory.xml.XmlBeanDefinitionReader]Loading XML bean definitions from class path resource [spring-mybatis.xml]
[INFO] [2018-04-07 23:35:17][org.springframework.context.support.ClassPathXmlApplicationContext]Refreshing org.springframework.context.support.ClassPathXmlApplicationContext@5474c6c: startup date [Sat Apr 07 23:35:17 CST 2018]; root of context hierarchy
[INFO] [2018-04-07 23:35:17][org.springframework.beans.factory.xml.XmlBeanDefinitionReader]Loading XML bean definitions from class path resource [spring-mybatis.xml]
